0 info it worked if it ends with ok
1 verbose cli [ 'C:\\Program Files\\nodejs\\\\node.exe',
1 verbose cli   'C:\\Program Files\\nodejs\\node_modules\\npm\\bin\\npm-cli.js',
1 verbose cli   'install',
1 verbose cli   'angular-new-router',
1 verbose cli   '--save' ]
2 info using npm@2.11.3
3 info using node@v0.12.7
4 verbose install initial load of C:\wamp\www\fast_bill_18_11\shared\fast_bill_utm\package.json
5 warn package.json FastBill@1.0.0 No README data
6 verbose installManyTop reading scoped package data from C:\wamp\www\fast_bill_18_11\shared\fast_bill_utm\node_modules\angular\package.json
7 verbose installManyTop reading scoped package data from C:\wamp\www\fast_bill_18_11\shared\fast_bill_utm\node_modules\connect\package.json
8 verbose installManyTop reading scoped package data from C:\wamp\www\fast_bill_18_11\shared\fast_bill_utm\node_modules\connect-mssql\package.json
9 verbose installManyTop reading scoped package data from C:\wamp\www\fast_bill_18_11\shared\fast_bill_utm\node_modules\express\package.json
10 verbose installManyTop reading scoped package data from C:\wamp\www\fast_bill_18_11\shared\fast_bill_utm\node_modules\grunt\package.json
11 verbose installManyTop reading scoped package data from C:\wamp\www\fast_bill_18_11\shared\fast_bill_utm\node_modules\grunt-bump\package.json
12 verbose installManyTop reading scoped package data from C:\wamp\www\fast_bill_18_11\shared\fast_bill_utm\node_modules\grunt-changelog\package.json
13 verbose installManyTop reading scoped package data from C:\wamp\www\fast_bill_18_11\shared\fast_bill_utm\node_modules\grunt-cli\package.json
14 verbose installManyTop reading scoped package data from C:\wamp\www\fast_bill_18_11\shared\fast_bill_utm\node_modules\grunt-contrib-clean\package.json
15 verbose installManyTop reading scoped package data from C:\wamp\www\fast_bill_18_11\shared\fast_bill_utm\node_modules\grunt-contrib-concat\package.json
16 verbose installManyTop reading scoped package data from C:\wamp\www\fast_bill_18_11\shared\fast_bill_utm\node_modules\grunt-contrib-copy\package.json
17 verbose installManyTop reading scoped package data from C:\wamp\www\fast_bill_18_11\shared\fast_bill_utm\node_modules\grunt-contrib-htmlmin\package.json
18 verbose installManyTop reading scoped package data from C:\wamp\www\fast_bill_18_11\shared\fast_bill_utm\node_modules\grunt-contrib-uglify\package.json
19 verbose installManyTop reading scoped package data from C:\wamp\www\fast_bill_18_11\shared\fast_bill_utm\node_modules\grunt-contrib-watch\package.json
20 verbose installManyTop reading scoped package data from C:\wamp\www\fast_bill_18_11\shared\fast_bill_utm\node_modules\grunt-recess\package.json
21 verbose installManyTop reading scoped package data from C:\wamp\www\fast_bill_18_11\shared\fast_bill_utm\node_modules\grunt-swig\package.json
22 verbose installManyTop reading scoped package data from C:\wamp\www\fast_bill_18_11\shared\fast_bill_utm\node_modules\gruntfile-gtx\package.json
23 verbose installManyTop reading scoped package data from C:\wamp\www\fast_bill_18_11\shared\fast_bill_utm\node_modules\http-server\package.json
24 verbose installManyTop reading scoped package data from C:\wamp\www\fast_bill_18_11\shared\fast_bill_utm\node_modules\mongoose\package.json
25 verbose installManyTop reading scoped package data from C:\wamp\www\fast_bill_18_11\shared\fast_bill_utm\node_modules\mssql\package.json
26 verbose installManyTop reading scoped package data from C:\wamp\www\fast_bill_18_11\shared\fast_bill_utm\node_modules\node-mssql\package.json
27 verbose installManyTop reading scoped package data from C:\wamp\www\fast_bill_18_11\shared\fast_bill_utm\node_modules\require-directory\package.json
28 verbose installManyTop reading scoped package data from C:\wamp\www\fast_bill_18_11\shared\fast_bill_utm\node_modules\serve-static\package.json
29 info package.json grunt@0.4.5 No license field.
30 info package.json grunt-changelog@0.3.1 No license field.
31 info package.json grunt-cli@0.1.13 No license field.
32 info package.json grunt-contrib-clean@0.6.0 No license field.
33 info package.json grunt-contrib-concat@0.5.1 No license field.
34 info package.json grunt-contrib-htmlmin@0.4.0 No license field.
35 info package.json grunt-contrib-watch@0.6.1 No license field.
36 info package.json gruntfile-gtx@0.3.0 No license field.
37 info package.json http-server@0.6.1 No license field.
38 verbose readDependencies loading dependencies from C:\wamp\www\fast_bill_18_11\shared\fast_bill_utm\package.json
39 silly cache add args [ 'angular-new-router', null ]
40 verbose cache add spec angular-new-router
41 silly cache add parsed spec { raw: 'angular-new-router',
41 silly cache add   scope: null,
41 silly cache add   name: 'angular-new-router',
41 silly cache add   rawSpec: '',
41 silly cache add   spec: '*',
41 silly cache add   type: 'range' }
42 silly addNamed angular-new-router@*
43 verbose addNamed "*" is a valid semver range for angular-new-router
44 silly addNameRange { name: 'angular-new-router', range: '*', hasData: false }
45 silly mapToRegistry name angular-new-router
46 silly mapToRegistry using default registry
47 silly mapToRegistry registry https://registry.npmjs.org/
48 silly mapToRegistry uri https://registry.npmjs.org/angular-new-router
49 verbose addNameRange registry:https://registry.npmjs.org/angular-new-router not in flight; fetching
50 verbose request uri https://registry.npmjs.org/angular-new-router
51 verbose request no auth needed
52 info attempt registry request try #1 at 12:06:58 PM
53 verbose request id 334bf49380410a46
54 verbose etag "6ZPZ0J93GUK3SAK8J91V5NZ9Z"
55 http request GET https://registry.npmjs.org/angular-new-router
56 http 304 https://registry.npmjs.org/angular-new-router
57 silly get cb [ 304,
57 silly get   { date: 'Wed, 18 Nov 2015 20:07:00 GMT',
57 silly get     via: '1.1 varnish',
57 silly get     'cache-control': 'max-age=60',
57 silly get     etag: '"6ZPZ0J93GUK3SAK8J91V5NZ9Z"',
57 silly get     age: '0',
57 silly get     connection: 'keep-alive',
57 silly get     'x-served-by': 'cache-sin6920-SIN',
57 silly get     'x-cache': 'MISS',
57 silly get     'x-cache-hits': '0',
57 silly get     'x-timer': 'S1447877220.349319,VS0,VE202',
57 silly get     vary: 'Accept' } ]
58 verbose etag https://registry.npmjs.org/angular-new-router from cache
59 verbose get saving angular-new-router to C:\Users\Uttam\AppData\Roaming\npm-cache\registry.npmjs.org\angular-new-router\.cache.json
60 silly addNameRange number 2 { name: 'angular-new-router', range: '*', hasData: true }
61 silly addNameRange versions [ 'angular-new-router',
61 silly addNameRange   [ '0.0.1',
61 silly addNameRange     '0.0.2',
61 silly addNameRange     '0.1.0',
61 silly addNameRange     '0.2.0',
61 silly addNameRange     '0.3.0',
61 silly addNameRange     '0.4.0',
61 silly addNameRange     '0.5.0',
61 silly addNameRange     '0.5.1',
61 silly addNameRange     '0.5.2',
61 silly addNameRange     '0.5.3' ] ]
62 silly addNamed angular-new-router@0.5.3
63 verbose addNamed "0.5.3" is a plain semver version for angular-new-router
64 silly cache afterAdd angular-new-router@0.5.3
65 verbose afterAdd C:\Users\Uttam\AppData\Roaming\npm-cache\angular-new-router\0.5.3\package\package.json not in flight; writing
66 verbose afterAdd C:\Users\Uttam\AppData\Roaming\npm-cache\angular-new-router\0.5.3\package\package.json written
67 silly install resolved [ { name: 'angular-new-router',
67 silly install resolved     version: '0.5.3',
67 silly install resolved     description: 'A new router for both Angular 1 and Angular 2',
67 silly install resolved     homepage: 'https://github.com/angular/router',
67 silly install resolved     main: 'dist/router.es5.js',
67 silly install resolved     repository: { type: 'git', url: 'git://github.com/angular/router.git' },
67 silly install resolved     bugs: { url: 'https://github.com/angular/router/issues' },
67 silly install resolved     dependencies:
67 silly install resolved      { requirejs: '^2.1.15',
67 silly install resolved        'route-recognizer': 'git://github.com/btford/route-recognizer.git',
67 silly install resolved        traceur: '^0.0.72' },
67 silly install resolved     devDependencies:
67 silly install resolved      { angular: '^1.3.7',
67 silly install resolved        'angular-animate': '^1.3.7',
67 silly install resolved        'angular-aria': '^1.3.7',
67 silly install resolved        'angular-mocks': '^1.3.7',
67 silly install resolved        'angular-modal': '^0.5.0',
67 silly install resolved        'angular-resource': '^1.3.7',
67 silly install resolved        assert: 'git+https://github.com/angular/assert.git#dist',
67 silly install resolved        'canonical-path': '0.0.2',
67 silly install resolved        dgeni: '^0.4.1',
67 silly install resolved        'dgeni-packages': '^0.10.8',
67 silly install resolved        'escape-regexp': '0.0.1',
67 silly install resolved        eshighlight: '^0.2.2',
67 silly install resolved        falafel: '^0.3.1',
67 silly install resolved        gulp: '^3.8.9',
67 silly install resolved        'gulp-concat': '^2.4.2',
67 silly install resolved        'gulp-connect': '^2.0.6',
67 silly install resolved        'gulp-merge': '^0.1.0',
67 silly install resolved        'gulp-ng-annotate': '^0.5.2',
67 silly install resolved        'gulp-rename': '^1.2.0',
67 silly install resolved        'gulp-traceur': '^0.13.0',
67 silly install resolved        'gulp-uglify': '^1.1.0',
67 silly install resolved        'highlight.js': '^8.4.0',
67 silly install resolved        karma: '^0.12.24',
67 silly install resolved        'karma-chrome-launcher': '^0.1.5',
67 silly install resolved        'karma-firefox-launcher': '^0.1.3',
67 silly install resolved        'karma-jasmine': '^0.2.2',
67 silly install resolved        'karma-requirejs': '^0.2.2',
67 silly install resolved        'karma-sauce-launcher': '^0.2.9',
67 silly install resolved        'karma-traceur-preprocessor': '^0.4.0',
67 silly install resolved        lodash: '^2.4.1',
67 silly install resolved        marked: '^0.3.2',
67 silly install resolved        protractor: '^0.21.0',
67 silly install resolved        q: '^1.1.2',
67 silly install resolved        through2: '^0.4.1' },
67 silly install resolved     scripts: { test: 'karma start --single-run' },
67 silly install resolved     author: { name: 'Angular Core Team' },
67 silly install resolved     license: 'Apache-2.0',
67 silly install resolved     gitHead: 'c7b6b498c551754cc07d4b56a74fd951cbe2a483',
67 silly install resolved     _id: 'angular-new-router@0.5.3',
67 silly install resolved     _shasum: '79e5eec2674b0b85cd7f36915716ba33a7734ab8',
67 silly install resolved     _from: 'angular-new-router@*',
67 silly install resolved     _npmVersion: '2.7.0',
67 silly install resolved     _nodeVersion: '0.10.35',
67 silly install resolved     _npmUser: { name: 'btford', email: 'briantford@gmail.com' },
67 silly install resolved     maintainers: [ [Object] ],
67 silly install resolved     dist:
67 silly install resolved      { shasum: '79e5eec2674b0b85cd7f36915716ba33a7734ab8',
67 silly install resolved        tarball: 'http://registry.npmjs.org/angular-new-router/-/angular-new-router-0.5.3.tgz' },
67 silly install resolved     directories: {},
67 silly install resolved     _resolved: 'https://registry.npmjs.org/angular-new-router/-/angular-new-router-0.5.3.tgz',
67 silly install resolved     readme: 'ERROR: No README data found!' } ]
68 info install angular-new-router@0.5.3 into C:\wamp\www\fast_bill_18_11\shared\fast_bill_utm
69 info installOne angular-new-router@0.5.3
70 verbose installOne of angular-new-router to C:\wamp\www\fast_bill_18_11\shared\fast_bill_utm not in flight; installing
71 verbose lock using C:\Users\Uttam\AppData\Roaming\npm-cache\_locks\angular-new-router-dd9f1160f8f2dba8.lock for C:\wamp\www\fast_bill_18_11\shared\fast_bill_utm\node_modules\angular-new-router
72 silly install write writing angular-new-router 0.5.3 to C:\wamp\www\fast_bill_18_11\shared\fast_bill_utm\node_modules\angular-new-router
73 verbose unbuild node_modules\angular-new-router
74 silly gentlyRm C:\wamp\www\fast_bill_18_11\shared\fast_bill_utm\node_modules\angular-new-router is being purged from base C:\wamp\www\fast_bill_18_11\shared\fast_bill_utm
75 verbose gentlyRm don't care about contents; nuking C:\wamp\www\fast_bill_18_11\shared\fast_bill_utm\node_modules\angular-new-router
76 verbose tar unpack C:\Users\Uttam\AppData\Roaming\npm-cache\angular-new-router\0.5.3\package.tgz
77 verbose tar unpacking to C:\wamp\www\fast_bill_18_11\shared\fast_bill_utm\node_modules\angular-new-router
78 silly gentlyRm C:\wamp\www\fast_bill_18_11\shared\fast_bill_utm\node_modules\angular-new-router is being purged
79 verbose gentlyRm don't care about contents; nuking C:\wamp\www\fast_bill_18_11\shared\fast_bill_utm\node_modules\angular-new-router
80 silly gunzTarPerm modes [ '777', '666' ]
81 silly gunzTarPerm extractEntry package.json
82 silly gunzTarPerm modified mode [ 'package.json', 420, 438 ]
83 silly gunzTarPerm extractEntry .npmignore
84 silly gunzTarPerm modified mode [ '.npmignore', 420, 438 ]
85 silly gunzTarPerm extractEntry README.md
86 silly gunzTarPerm modified mode [ 'README.md', 420, 438 ]
87 silly gunzTarPerm extractEntry LICENSE
88 silly gunzTarPerm modified mode [ 'LICENSE', 420, 438 ]
89 silly gunzTarPerm extractEntry protractor.travis.conf.js
90 silly gunzTarPerm modified mode [ 'protractor.travis.conf.js', 420, 438 ]
91 silly gunzTarPerm extractEntry gulpfile.js
92 silly gunzTarPerm modified mode [ 'gulpfile.js', 420, 438 ]
93 silly gunzTarPerm extractEntry karma.conf.js
94 silly gunzTarPerm modified mode [ 'karma.conf.js', 420, 438 ]
95 silly gunzTarPerm extractEntry karma.es5.conf.js
96 silly gunzTarPerm modified mode [ 'karma.es5.conf.js', 420, 438 ]
97 silly gunzTarPerm extractEntry protractor.conf.js
98 silly gunzTarPerm modified mode [ 'protractor.conf.js', 420, 438 ]
99 silly gunzTarPerm extractEntry index.js
100 silly gunzTarPerm modified mode [ 'index.js', 420, 438 ]
101 silly gunzTarPerm extractEntry dist/grammar.js
102 silly gunzTarPerm modified mode [ 'dist/grammar.js', 420, 438 ]
103 silly gunzTarPerm extractEntry dist/pipeline.js
104 silly gunzTarPerm modified mode [ 'dist/pipeline.js', 420, 438 ]
105 silly gunzTarPerm extractEntry dist/router.es5.js
106 silly gunzTarPerm modified mode [ 'dist/router.es5.js', 420, 438 ]
107 silly gunzTarPerm extractEntry dist/router.es5.min.js
108 silly gunzTarPerm modified mode [ 'dist/router.es5.min.js', 420, 438 ]
109 silly gunzTarPerm extractEntry dist/router.js
110 silly gunzTarPerm modified mode [ 'dist/router.js', 420, 438 ]
111 silly gunzTarPerm extractEntry dist/docs/highlight.css
112 silly gunzTarPerm modified mode [ 'dist/docs/highlight.css', 420, 438 ]
113 silly gunzTarPerm extractEntry dist/docs/$componentLoaderProvider.html
114 silly gunzTarPerm modified mode [ 'dist/docs/$componentLoaderProvider.html', 420, 438 ]
115 silly gunzTarPerm extractEntry dist/docs/Pipeline.html
116 silly gunzTarPerm modified mode [ 'dist/docs/Pipeline.html', 420, 438 ]
117 silly gunzTarPerm extractEntry dist/docs/RootRouter.html
118 silly gunzTarPerm modified mode [ 'dist/docs/RootRouter.html', 420, 438 ]
119 silly gunzTarPerm extractEntry dist/docs/configuration.html
120 silly gunzTarPerm modified mode [ 'dist/docs/configuration.html', 420, 438 ]
121 silly gunzTarPerm extractEntry dist/docs/getting-started.html
122 silly gunzTarPerm modified mode [ 'dist/docs/getting-started.html', 420, 438 ]
123 silly gunzTarPerm extractEntry dist/docs/Grammar.html
124 silly gunzTarPerm modified mode [ 'dist/docs/Grammar.html', 420, 438 ]
125 silly gunzTarPerm extractEntry dist/docs/index.html
126 silly gunzTarPerm modified mode [ 'dist/docs/index.html', 420, 438 ]
127 silly gunzTarPerm extractEntry dist/docs/lifecycle.html
128 silly gunzTarPerm modified mode [ 'dist/docs/lifecycle.html', 420, 438 ]
129 silly gunzTarPerm extractEntry dist/docs/ngLink.html
130 silly gunzTarPerm modified mode [ 'dist/docs/ngLink.html', 420, 438 ]
131 silly gunzTarPerm extractEntry dist/docs/ngViewport.html
132 silly gunzTarPerm modified mode [ 'dist/docs/ngViewport.html', 420, 438 ]
133 silly gunzTarPerm extractEntry dist/docs/style.css
134 silly gunzTarPerm modified mode [ 'dist/docs/style.css', 420, 438 ]
135 silly gunzTarPerm extractEntry config.json
136 silly gunzTarPerm modified mode [ 'config.json', 420, 438 ]
137 silly gunzTarPerm extractEntry .editorconfig
138 silly gunzTarPerm modified mode [ '.editorconfig', 420, 438 ]
139 silly gunzTarPerm extractEntry docs/dgeni.conf.js
140 silly gunzTarPerm modified mode [ 'docs/dgeni.conf.js', 420, 438 ]
141 silly gunzTarPerm extractEntry docs/content/configuration.md
142 silly gunzTarPerm modified mode [ 'docs/content/configuration.md', 420, 438 ]
143 silly gunzTarPerm extractEntry docs/content/getting-started.md
144 silly gunzTarPerm modified mode [ 'docs/content/getting-started.md', 420, 438 ]
145 silly gunzTarPerm extractEntry docs/content/lifecycle.md
146 silly gunzTarPerm modified mode [ 'docs/content/lifecycle.md', 420, 438 ]
147 silly gunzTarPerm extractEntry docs/file-readers/markdown.js
148 silly gunzTarPerm modified mode [ 'docs/file-readers/markdown.js', 420, 438 ]
149 silly gunzTarPerm extractEntry docs/highlight.css
150 silly gunzTarPerm modified mode [ 'docs/highlight.css', 420, 438 ]
151 silly gunzTarPerm extractEntry docs/processors/addMethodsToService.js
152 silly gunzTarPerm modified mode [ 'docs/processors/addMethodsToService.js', 420, 438 ]
153 silly gunzTarPerm extractEntry docs/processors/generateIndexPage.js
154 silly gunzTarPerm modified mode [ 'docs/processors/generateIndexPage.js', 420, 438 ]
155 silly gunzTarPerm extractEntry docs/processors/markdown.js
156 silly gunzTarPerm modified mode [ 'docs/processors/markdown.js', 420, 438 ]
157 silly gunzTarPerm extractEntry docs/rendering/docTypeLabel.js
158 silly gunzTarPerm modified mode [ 'docs/rendering/docTypeLabel.js', 420, 438 ]
159 silly gunzTarPerm extractEntry docs/rendering/relativeLinkInlineTag.js
160 silly gunzTarPerm modified mode [ 'docs/rendering/relativeLinkInlineTag.js', 420, 438 ]
161 silly gunzTarPerm extractEntry docs/style.css
162 silly gunzTarPerm modified mode [ 'docs/style.css', 420, 438 ]
163 silly gunzTarPerm extractEntry docs/templates/index.template.html
164 silly gunzTarPerm modified mode [ 'docs/templates/index.template.html', 420, 438 ]
165 silly gunzTarPerm extractEntry docs/templates/js.template.html
166 silly gunzTarPerm modified mode [ 'docs/templates/js.template.html', 420, 438 ]
167 silly gunzTarPerm extractEntry docs/templates/layout/base.template.html
168 silly gunzTarPerm modified mode [ 'docs/templates/layout/base.template.html', 420, 438 ]
169 silly gunzTarPerm extractEntry docs/templates/markdown.template.html
170 silly gunzTarPerm modified mode [ 'docs/templates/markdown.template.html', 420, 438 ]
171 silly gunzTarPerm extractEntry docs/traceur-package/index.js
172 silly gunzTarPerm modified mode [ 'docs/traceur-package/index.js', 420, 438 ]
173 silly gunzTarPerm extractEntry docs/traceur-package/processors/generateDocsFromComments.js
174 silly gunzTarPerm modified mode [ 'docs/traceur-package/processors/generateDocsFromComments.js',
174 silly gunzTarPerm   420,
174 silly gunzTarPerm   438 ]
175 silly gunzTarPerm extractEntry docs/traceur-package/processors/processClassDocs.js
176 silly gunzTarPerm modified mode [ 'docs/traceur-package/processors/processClassDocs.js',
176 silly gunzTarPerm   420,
176 silly gunzTarPerm   438 ]
177 silly gunzTarPerm extractEntry docs/traceur-package/processors/processModuleDocs.js
178 silly gunzTarPerm modified mode [ 'docs/traceur-package/processors/processModuleDocs.js',
178 silly gunzTarPerm   420,
178 silly gunzTarPerm   438 ]
179 silly gunzTarPerm extractEntry docs/traceur-package/readers/atScript.js
180 silly gunzTarPerm modified mode [ 'docs/traceur-package/readers/atScript.js', 420, 438 ]
181 silly gunzTarPerm extractEntry docs/traceur-package/readers/atScript.spec.js
182 silly gunzTarPerm modified mode [ 'docs/traceur-package/readers/atScript.spec.js', 420, 438 ]
183 silly gunzTarPerm extractEntry docs/traceur-package/services/AttachCommentTreeVisitor.js
184 silly gunzTarPerm modified mode [ 'docs/traceur-package/services/AttachCommentTreeVisitor.js',
184 silly gunzTarPerm   420,
184 silly gunzTarPerm   438 ]
185 silly gunzTarPerm extractEntry docs/traceur-package/services/ExportTreeVisitor.js
186 silly gunzTarPerm modified mode [ 'docs/traceur-package/services/ExportTreeVisitor.js',
186 silly gunzTarPerm   420,
186 silly gunzTarPerm   438 ]
187 silly gunzTarPerm extractEntry docs/traceur-package/services/atParser.js
188 silly gunzTarPerm modified mode [ 'docs/traceur-package/services/atParser.js', 420, 438 ]
189 silly gunzTarPerm extractEntry docs/traceur-package/services/atParser.spec.js
190 silly gunzTarPerm modified mode [ 'docs/traceur-package/services/atParser.spec.js', 420, 438 ]
191 silly gunzTarPerm extractEntry docs/traceur-package/services/getJSDocComment.js
192 silly gunzTarPerm modified mode [ 'docs/traceur-package/services/getJSDocComment.js', 420, 438 ]
193 silly gunzTarPerm extractEntry docs/traceur-package/services/getJSDocComment.spec.js
194 silly gunzTarPerm modified mode [ 'docs/traceur-package/services/getJSDocComment.spec.js',
194 silly gunzTarPerm   420,
194 silly gunzTarPerm   438 ]
195 silly gunzTarPerm extractEntry docs/traceur-package/services/traceur.js
196 silly gunzTarPerm modified mode [ 'docs/traceur-package/services/traceur.js', 420, 438 ]
197 silly gunzTarPerm extractEntry docs/traceur-package/templates/data-module.template.js
198 silly gunzTarPerm modified mode [ 'docs/traceur-package/templates/data-module.template.js',
198 silly gunzTarPerm   420,
198 silly gunzTarPerm   438 ]
199 silly gunzTarPerm extractEntry docs/traceur-package/templates/class.template.html
200 silly gunzTarPerm modified mode [ 'docs/traceur-package/templates/class.template.html',
200 silly gunzTarPerm   420,
200 silly gunzTarPerm   438 ]
201 silly gunzTarPerm extractEntry docs/traceur-package/templates/common.template.html
202 silly gunzTarPerm modified mode [ 'docs/traceur-package/templates/common.template.html',
202 silly gunzTarPerm   420,
202 silly gunzTarPerm   438 ]
203 silly gunzTarPerm extractEntry docs/traceur-package/templates/layout/base.template.html
204 silly gunzTarPerm modified mode [ 'docs/traceur-package/templates/layout/base.template.html',
204 silly gunzTarPerm   420,
204 silly gunzTarPerm   438 ]
205 silly gunzTarPerm extractEntry docs/traceur-package/templates/module.template.html
206 silly gunzTarPerm modified mode [ 'docs/traceur-package/templates/module.template.html',
206 silly gunzTarPerm   420,
206 silly gunzTarPerm   438 ]
207 silly gunzTarPerm extractEntry ARCHITECTURE.md
208 silly gunzTarPerm modified mode [ 'ARCHITECTURE.md', 420, 438 ]
209 silly gunzTarPerm extractEntry CHANGELOG.md
210 silly gunzTarPerm modified mode [ 'CHANGELOG.md', 420, 438 ]
211 silly gunzTarPerm extractEntry CONTRIBUTING.md
212 silly gunzTarPerm modified mode [ 'CONTRIBUTING.md', 420, 438 ]
213 silly gunzTarPerm extractEntry DOCUMENTATION.md
214 silly gunzTarPerm modified mode [ 'DOCUMENTATION.md', 420, 438 ]
215 silly gunzTarPerm extractEntry src/router-directive.es5.js
216 silly gunzTarPerm modified mode [ 'src/router-directive.es5.js', 420, 438 ]
217 silly gunzTarPerm extractEntry src/grammar.ats
218 silly gunzTarPerm modified mode [ 'src/grammar.ats', 420, 438 ]
219 silly gunzTarPerm extractEntry src/pipeline.ats
220 silly gunzTarPerm modified mode [ 'src/pipeline.ats', 420, 438 ]
221 silly gunzTarPerm extractEntry src/router.ats
222 silly gunzTarPerm modified mode [ 'src/router.ats', 420, 438 ]
223 silly gunzTarPerm extractEntry .bowerrc
224 silly gunzTarPerm modified mode [ '.bowerrc', 420, 438 ]
225 silly gunzTarPerm extractEntry .travis.yml
226 silly gunzTarPerm modified mode [ '.travis.yml', 420, 438 ]
227 silly gunzTarPerm extractEntry config/karma.sauce.conf.js
228 silly gunzTarPerm modified mode [ 'config/karma.sauce.conf.js', 420, 438 ]
229 silly gunzTarPerm extractEntry config/karma.travis.conf.js
230 silly gunzTarPerm modified mode [ 'config/karma.travis.conf.js', 420, 438 ]
231 silly gunzTarPerm extractEntry test/component-loader.es5.spec.js
232 silly gunzTarPerm modified mode [ 'test/component-loader.es5.spec.js', 420, 438 ]
233 silly gunzTarPerm extractEntry test/controller-introspector.es5.spec.js
234 silly gunzTarPerm modified mode [ 'test/controller-introspector.es5.spec.js', 420, 438 ]
235 silly gunzTarPerm extractEntry test/main.js
236 silly gunzTarPerm modified mode [ 'test/main.js', 420, 438 ]
237 silly gunzTarPerm extractEntry test/pipeline.es5.spec.js
238 silly gunzTarPerm modified mode [ 'test/pipeline.es5.spec.js', 420, 438 ]
239 silly gunzTarPerm extractEntry test/router-viewport.es5.spec.js
240 silly gunzTarPerm modified mode [ 'test/router-viewport.es5.spec.js', 420, 438 ]
241 silly gunzTarPerm extractEntry test/util.es5.js
242 silly gunzTarPerm modified mode [ 'test/util.es5.js', 420, 438 ]
243 silly gunzTarPerm extractEntry test/router.spec.ats
244 silly gunzTarPerm modified mode [ 'test/router.spec.ats', 420, 438 ]
245 verbose write writing to C:\wamp\www\fast_bill_18_11\shared\fast_bill_utm\node_modules\angular-new-router\package.json
246 info preinstall angular-new-router@0.5.3
247 verbose readDependencies loading dependencies from C:\wamp\www\fast_bill_18_11\shared\fast_bill_utm\node_modules\angular-new-router\package.json
248 silly prepareForInstallMany adding requirejs@^2.1.15 from angular-new-router dependencies
249 silly prepareForInstallMany adding route-recognizer@git://github.com/btford/route-recognizer.git from angular-new-router dependencies
250 silly prepareForInstallMany adding traceur@^0.0.72 from angular-new-router dependencies
251 verbose readDependencies loading dependencies from C:\wamp\www\fast_bill_18_11\shared\fast_bill_utm\node_modules\angular-new-router\package.json
252 silly cache add args [ 'requirejs@^2.1.15', null ]
253 verbose cache add spec requirejs@^2.1.15
254 silly cache add parsed spec { raw: 'requirejs@^2.1.15',
254 silly cache add   scope: null,
254 silly cache add   name: 'requirejs',
254 silly cache add   rawSpec: '^2.1.15',
254 silly cache add   spec: '>=2.1.15 <3.0.0',
254 silly cache add   type: 'range' }
255 silly addNamed requirejs@>=2.1.15 <3.0.0
256 verbose addNamed ">=2.1.15 <3.0.0" is a valid semver range for requirejs
257 silly addNameRange { name: 'requirejs', range: '>=2.1.15 <3.0.0', hasData: false }
258 silly mapToRegistry name requirejs
259 silly mapToRegistry using default registry
260 silly mapToRegistry registry https://registry.npmjs.org/
261 silly mapToRegistry uri https://registry.npmjs.org/requirejs
262 verbose addNameRange registry:https://registry.npmjs.org/requirejs not in flight; fetching
263 silly cache add args [ 'route-recognizer@git://github.com/btford/route-recognizer.git',
263 silly cache add   null ]
264 verbose cache add spec route-recognizer@git://github.com/btford/route-recognizer.git
265 silly cache add args [ 'traceur@^0.0.72', null ]
266 verbose cache add spec traceur@^0.0.72
267 silly cache add parsed spec { raw: 'traceur@^0.0.72',
267 silly cache add   scope: null,
267 silly cache add   name: 'traceur',
267 silly cache add   rawSpec: '^0.0.72',
267 silly cache add   spec: '>=0.0.72 <0.0.73',
267 silly cache add   type: 'range' }
268 silly addNamed traceur@>=0.0.72 <0.0.73
269 verbose addNamed ">=0.0.72 <0.0.73" is a valid semver range for traceur
270 silly addNameRange { name: 'traceur', range: '>=0.0.72 <0.0.73', hasData: false }
271 silly mapToRegistry name traceur
272 silly mapToRegistry using default registry
273 silly mapToRegistry registry https://registry.npmjs.org/
274 silly mapToRegistry uri https://registry.npmjs.org/traceur
275 verbose addNameRange registry:https://registry.npmjs.org/traceur not in flight; fetching
276 silly cache add parsed spec { raw: 'route-recognizer@git://github.com/btford/route-recognizer.git',
276 silly cache add   scope: null,
276 silly cache add   name: 'route-recognizer',
276 silly cache add   rawSpec: 'git://github.com/btford/route-recognizer.git',
276 silly cache add   spec: 'git://github.com/btford/route-recognizer.git',
276 silly cache add   type: 'hosted',
276 silly cache add   hosted:
276 silly cache add    { type: 'github',
276 silly cache add      ssh: 'git@github.com:btford/route-recognizer.git',
276 silly cache add      sshUrl: 'git+ssh://git@github.com/btford/route-recognizer.git',
276 silly cache add      httpsUrl: 'git+https://github.com/btford/route-recognizer.git',
276 silly cache add      gitUrl: 'git://github.com/btford/route-recognizer.git',
276 silly cache add      shortcut: 'github:btford/route-recognizer',
276 silly cache add      directUrl: 'https://raw.githubusercontent.com/btford/route-recognizer/master/package.json' } }
277 verbose addRemoteGit caching git://github.com/btford/route-recognizer.git
278 verbose addRemoteGit git://github.com/btford/route-recognizer.git is a repository hosted by github
279 silly tryClone cloning git://github.com/btford/route-recognizer.git via git://github.com/btford/route-recognizer.git
280 verbose tryClone git-github-com-btford-route-recognizer-git-99ace589 not in flight; caching
281 verbose request uri https://registry.npmjs.org/requirejs
282 verbose request no auth needed
283 info attempt registry request try #1 at 12:07:02 PM
284 verbose etag "CY5IV6OUZEMT2MOJ3J4RJ3S3I"
285 http request GET https://registry.npmjs.org/requirejs
286 verbose request uri https://registry.npmjs.org/traceur
287 verbose request no auth needed
288 info attempt registry request try #1 at 12:07:03 PM
289 verbose etag "AAGS1SLT5YUO3LND9T16DW41O"
290 http request GET https://registry.npmjs.org/traceur
291 warn addRemoteGit Error: not found: git
291 warn addRemoteGit     at F (C:\Program Files\nodejs\node_modules\npm\node_modules\which\which.js:72:28)
291 warn addRemoteGit     at E (C:\Program Files\nodejs\node_modules\npm\node_modules\which\which.js:75:29)
291 warn addRemoteGit     at C:\Program Files\nodejs\node_modules\npm\node_modules\which\which.js:83:16
291 warn addRemoteGit     at FSReqWrap.oncomplete (fs.js:95:15)
291 warn addRemoteGit  git://github.com/btford/route-recognizer.git resetting remote C:\Users\Uttam\AppData\Roaming\npm-cache\_git-remotes\git-github-com-btford-route-recognizer-git-99ace589 because of error: { [Error: not found: git] code: 'ENOGIT' }
292 info resetRemote resetting C:\Users\Uttam\AppData\Roaming\npm-cache\_git-remotes\git-github-com-btford-route-recognizer-git-99ace589 for git://github.com/btford/route-recognizer.git
293 silly gentlyRm C:\Users\Uttam\AppData\Roaming\npm-cache\_git-remotes\git-github-com-btford-route-recognizer-git-99ace589 is being purged
294 verbose gentlyRm don't care about contents; nuking C:\Users\Uttam\AppData\Roaming\npm-cache\_git-remotes\git-github-com-btford-route-recognizer-git-99ace589
295 silly vacuum-fs purging C:\Users\Uttam\AppData\Roaming\npm-cache\_git-remotes\git-github-com-btford-route-recognizer-git-99ace589
296 silly vacuum-fs quitting because other entries in C:\Users\Uttam\AppData\Roaming\npm-cache\_git-remotes
297 error git clone --template=C:\Users\Uttam\AppData\Roaming\npm-cache\_git-remotes\_templates --mirror git://github.com/btford/route-recognizer.git C:\Users\Uttam\AppData\Roaming\npm-cache\_git-remotes\git-github-com-btford-route-recognizer-git-99ace589: undefined
297 error git clone --template=C:\Users\Uttam\AppData\Roaming\npm-cache\_git-remotes\_templates --mirror git://github.com/btford/route-recognizer.git C:\Users\Uttam\AppData\Roaming\npm-cache\_git-remotes\git-github-com-btford-route-recognizer-git-99ace589: undefined
298 http 304 https://registry.npmjs.org/requirejs
299 silly get cb [ 304,
299 silly get   { date: 'Wed, 18 Nov 2015 20:07:04 GMT',
299 silly get     via: '1.1 varnish',
299 silly get     'cache-control': 'max-age=60',
299 silly get     etag: '"CY5IV6OUZEMT2MOJ3J4RJ3S3I"',
299 silly get     age: '0',
299 silly get     connection: 'keep-alive',
299 silly get     'x-served-by': 'cache-sin6921-SIN',
299 silly get     'x-cache': 'HIT',
299 silly get     'x-cache-hits': '1',
299 silly get     'x-timer': 'S1447877224.450403,VS0,VE1011',
299 silly get     vary: 'Accept' } ]
300 verbose etag https://registry.npmjs.org/requirejs from cache
301 verbose get saving requirejs to C:\Users\Uttam\AppData\Roaming\npm-cache\registry.npmjs.org\requirejs\.cache.json
302 silly addNameRange number 2 { name: 'requirejs', range: '>=2.1.15 <3.0.0', hasData: true }
303 silly addNameRange versions [ 'requirejs',
303 silly addNameRange   [ '0.26.0',
303 silly addNameRange     '0.27.0',
303 silly addNameRange     '0.27.1',
303 silly addNameRange     '1.0.0',
303 silly addNameRange     '1.0.1',
303 silly addNameRange     '1.0.2',
303 silly addNameRange     '1.0.3',
303 silly addNameRange     '1.0.4',
303 silly addNameRange     '1.0.5',
303 silly addNameRange     '1.0.6',
303 silly addNameRange     '1.0.7',
303 silly addNameRange     '1.0.8',
303 silly addNameRange     '2.0.0',
303 silly addNameRange     '2.0.1',
303 silly addNameRange     '2.0.2',
303 silly addNameRange     '2.0.3',
303 silly addNameRange     '2.0.4',
303 silly addNameRange     '2.0.5',
303 silly addNameRange     '2.0.6',
303 silly addNameRange     '2.1.0',
303 silly addNameRange     '2.1.1',
303 silly addNameRange     '2.1.2',
303 silly addNameRange     '2.1.3',
303 silly addNameRange     '2.1.4',
303 silly addNameRange     '2.1.5',
303 silly addNameRange     '2.1.6',
303 silly addNameRange     '2.1.7',
303 silly addNameRange     '2.1.8',
303 silly addNameRange     '2.1.9',
303 silly addNameRange     '2.1.10',
303 silly addNameRange     '2.1.11',
303 silly addNameRange     '2.1.12',
303 silly addNameRange     '2.1.13',
303 silly addNameRange     '2.1.14',
303 silly addNameRange     '2.1.15',
303 silly addNameRange     '2.1.16',
303 silly addNameRange     '2.1.17',
303 silly addNameRange     '2.1.18',
303 silly addNameRange     '2.1.19',
303 silly addNameRange     '2.1.20' ] ]
304 silly addNamed requirejs@2.1.20
305 verbose addNamed "2.1.20" is a plain semver version for requirejs
306 silly cache afterAdd requirejs@2.1.20
307 verbose afterAdd C:\Users\Uttam\AppData\Roaming\npm-cache\requirejs\2.1.20\package\package.json not in flight; writing
308 verbose afterAdd C:\Users\Uttam\AppData\Roaming\npm-cache\requirejs\2.1.20\package\package.json written
309 http 304 https://registry.npmjs.org/traceur
310 silly get cb [ 304,
310 silly get   { date: 'Wed, 18 Nov 2015 20:07:04 GMT',
310 silly get     via: '1.1 varnish',
310 silly get     'cache-control': 'max-age=60',
310 silly get     etag: '"AAGS1SLT5YUO3LND9T16DW41O"',
310 silly get     age: '1',
310 silly get     connection: 'keep-alive',
310 silly get     'x-served-by': 'cache-sin6927-SIN',
310 silly get     'x-cache': 'MISS',
310 silly get     'x-cache-hits': '0',
310 silly get     'x-timer': 'S1447877224.380072,VS0,VE2209',
310 silly get     vary: 'Accept' } ]
311 verbose etag https://registry.npmjs.org/traceur from cache
312 verbose get saving traceur to C:\Users\Uttam\AppData\Roaming\npm-cache\registry.npmjs.org\traceur\.cache.json
313 silly addNameRange number 2 { name: 'traceur', range: '>=0.0.72 <0.0.73', hasData: true }
314 silly addNameRange versions [ 'traceur',
314 silly addNameRange   [ '0.0.1',
314 silly addNameRange     '0.0.2',
314 silly addNameRange     '0.0.3',
314 silly addNameRange     '0.0.4',
314 silly addNameRange     '0.0.5',
314 silly addNameRange     '0.0.6',
314 silly addNameRange     '0.0.7',
314 silly addNameRange     '0.0.8',
314 silly addNameRange     '0.0.9',
314 silly addNameRange     '0.0.10',
314 silly addNameRange     '0.0.11',
314 silly addNameRange     '0.0.12',
314 silly addNameRange     '0.0.13',
314 silly addNameRange     '0.0.14',
314 silly addNameRange     '0.0.15',
314 silly addNameRange     '0.0.16',
314 silly addNameRange     '0.0.17',
314 silly addNameRange     '0.0.18',
314 silly addNameRange     '0.0.19',
314 silly addNameRange     '0.0.20',
314 silly addNameRange     '0.0.21',
314 silly addNameRange     '0.0.22',
314 silly addNameRange     '0.0.23',
314 silly addNameRange     '0.0.24',
314 silly addNameRange     '0.0.25',
314 silly addNameRange     '0.0.27',
314 silly addNameRange     '0.0.28',
314 silly addNameRange     '0.0.29',
314 silly addNameRange     '0.0.30',
314 silly addNameRange     '0.0.31',
314 silly addNameRange     '0.0.32',
314 silly addNameRange     '0.0.33',
314 silly addNameRange     '0.0.34',
314 silly addNameRange     '0.0.35',
314 silly addNameRange     '0.0.36',
314 silly addNameRange     '0.0.37',
314 silly addNameRange     '0.0.38',
314 silly addNameRange     '0.0.39',
314 silly addNameRange     '0.0.40',
314 silly addNameRange     '0.0.41',
314 silly addNameRange     '0.0.42',
314 silly addNameRange     '0.0.43',
314 silly addNameRange     '0.0.44',
314 silly addNameRange     '0.0.45',
314 silly addNameRange     '0.0.46',
314 silly addNameRange     '0.0.47',
314 silly addNameRange     '0.0.48',
314 silly addNameRange     '0.0.49',
314 silly addNameRange     '0.0.50',
314 silly addNameRange     '0.0.51',
314 silly addNameRange     '0.0.52',
314 silly addNameRange     '0.0.53',
314 silly addNameRange     '0.0.54',
314 silly addNameRange     '0.0.55',
314 silly addNameRange     '0.0.56',
314 silly addNameRange     '0.0.57',
314 silly addNameRange     '0.0.58',
314 silly addNameRange     '0.0.59',
314 silly addNameRange     '0.0.60',
314 silly addNameRange     '0.0.61',
314 silly addNameRange     '0.0.62',
314 silly addNameRange     '0.0.63',
314 silly addNameRange     '0.0.64',
314 silly addNameRange     '0.0.65',
314 silly addNameRange     '0.0.66',
314 silly addNameRange     '0.0.67',
314 silly addNameRange     '0.0.68',
314 silly addNameRange     '0.0.69',
314 silly addNameRange     '0.0.70',
314 silly addNameRange     '0.0.71',
314 silly addNameRange     '0.0.72',
314 silly addNameRange     '0.0.73',
314 silly addNameRange     '0.0.74',
314 silly addNameRange     '0.0.75',
314 silly addNameRange     '0.0.76',
314 silly addNameRange     '0.0.77',
314 silly addNameRange     '0.0.78',
314 silly addNameRange     '0.0.79',
314 silly addNameRange     '0.0.80',
314 silly addNameRange     '0.0.81',
314 silly addNameRange     '0.0.82',
314 silly addNameRange     '0.0.83',
314 silly addNameRange     '0.0.84',
314 silly addNameRange     '0.0.85',
314 silly addNameRange     '0.0.86',
314 silly addNameRange     '0.0.87',
314 silly addNameRange     '0.0.88',
314 silly addNameRange     '0.0.89',
314 silly addNameRange     '0.0.90',
314 silly addNameRange     '0.0.91',
314 silly addNameRange     '0.0.92' ] ]
315 silly addNamed traceur@0.0.72
316 verbose addNamed "0.0.72" is a plain semver version for traceur
317 silly cache afterAdd traceur@0.0.72
318 verbose afterAdd C:\Users\Uttam\AppData\Roaming\npm-cache\traceur\0.0.72\package\package.json not in flight; writing
319 verbose afterAdd C:\Users\Uttam\AppData\Roaming\npm-cache\traceur\0.0.72\package\package.json written
320 verbose about to build C:\wamp\www\fast_bill_18_11\shared\fast_bill_utm\node_modules\angular-new-router
321 verbose unlock done using C:\Users\Uttam\AppData\Roaming\npm-cache\_locks\angular-new-router-dd9f1160f8f2dba8.lock for C:\wamp\www\fast_bill_18_11\shared\fast_bill_utm\node_modules\angular-new-router
322 verbose stack Error: not found: git
322 verbose stack     at F (C:\Program Files\nodejs\node_modules\npm\node_modules\which\which.js:72:28)
322 verbose stack     at E (C:\Program Files\nodejs\node_modules\npm\node_modules\which\which.js:75:29)
322 verbose stack     at C:\Program Files\nodejs\node_modules\npm\node_modules\which\which.js:83:16
322 verbose stack     at FSReqWrap.oncomplete (fs.js:95:15)
323 verbose cwd C:\wamp\www\fast_bill_18_11\shared\fast_bill_utm
324 error Windows_NT 6.2.9200
325 error argv "C:\\Program Files\\nodejs\\\\node.exe" "C:\\Program Files\\nodejs\\node_modules\\npm\\bin\\npm-cli.js" "install" "angular-new-router" "--save"
326 error node v0.12.7
327 error npm  v2.11.3
328 error code ENOGIT
329 error not found: git
330 error Failed using git.
330 error This is most likely not a problem with npm itself.
330 error Please check if you have git installed and in your PATH.
331 verbose exit [ 1, true ]
332 verbose unbuild node_modules\angular-new-router
333 info preuninstall angular-new-router@0.5.3
334 info uninstall angular-new-router@0.5.3
335 verbose unbuild rmStuff angular-new-router@0.5.3 from C:\wamp\www\fast_bill_18_11\shared\fast_bill_utm\node_modules
336 info postuninstall angular-new-router@0.5.3
337 silly gentlyRm C:\wamp\www\fast_bill_18_11\shared\fast_bill_utm\node_modules\angular-new-router is being purged from base C:\wamp\www\fast_bill_18_11\shared\fast_bill_utm
338 verbose gentlyRm don't care about contents; nuking C:\wamp\www\fast_bill_18_11\shared\fast_bill_utm\node_modules\angular-new-router
339 silly vacuum-fs purging C:\wamp\www\fast_bill_18_11\shared\fast_bill_utm\node_modules\angular-new-router
340 silly vacuum-fs quitting because other entries in C:\wamp\www\fast_bill_18_11\shared\fast_bill_utm\node_modules
